build/app/intermediates/manifest_merge_blame_file/debug/manifest-merger-blame-debug-report.txt
1<?xml version="1.0" encoding="utf-8"?>
2<manifest xmlns:android="http://schemas.android.com/apk/res/android"
3    package="com.jccsgruposolmar.appsol"
4    android:versionCode="58"
5    android:versionName="0.57" >
6
7    <uses-sdk
8        android:minSdkVersion="21"
9        android:targetSdkVersion="33" />
10    <!--
11         The INTERNET permission is required for development. Specifically,
12         the Flutter tool needs it to communicate with the running application
13         to allow setting breakpoints, to provide hot reload, etc.
14    -->
15    <uses-permission android:name="android.permission.INTERNET" />
15-->src\main\AndroidManifest.xml:4:1-62
15-->src\main\AndroidManifest.xml:4:18-60
16    <uses-permission android:name="android.permission.READ_PHONE_STATE" />
16-->src\main\AndroidManifest.xml:5:1-71
16-->src\main\AndroidManifest.xml:5:18-68
17    <uses-permission android:name="android.permission.VIBRATE" />
17-->src\main\AndroidManifest.xml:6:1-61
17-->src\main\AndroidManifest.xml:6:18-59
18    <uses-permission android:name="android.permission.ACCESS_FINE_LOCATION" />
18-->src\main\AndroidManifest.xml:8:1-75
18-->src\main\AndroidManifest.xml:8:18-72
19    <uses-permission android:name="android.permission.ACCESS_COARSE_LOCATION" />
19-->src\main\AndroidManifest.xml:9:1-77
19-->src\main\AndroidManifest.xml:9:18-74
20    <uses-permission android:name="android.permission.WAKE_LOCK" />
20-->[:firebase_messaging] AndroidManifest.xml:10:5-68
20-->[:firebase_messaging] AndroidManifest.xml:10:22-65
21    <uses-permission android:name="android.permission.ACCESS_NETWORK_STATE" /> <!-- Permissions options for the `notification` group -->
21-->[:firebase_messaging] AndroidManifest.xml:11:5-79
21-->[:firebase_messaging] AndroidManifest.xml:11:22-76
22    <uses-permission android:name="android.permission.POST_NOTIFICATIONS" />
22-->[:firebase_messaging] AndroidManifest.xml:13:5-77
22-->[:firebase_messaging] AndroidManifest.xml:13:22-74
23    <uses-permission android:name="android.permission.CAMERA" />
23-->[:flutter_barcode_scanner] AndroidManifest.xml:9:5-65
23-->[:flutter_barcode_scanner] AndroidManifest.xml:9:22-62
24
25    <uses-feature android:name="android.hardware.camera" />
25-->[:flutter_barcode_scanner] AndroidManifest.xml:11:5-60
25-->[:flutter_barcode_scanner] AndroidManifest.xml:11:19-57
26
27    <uses-permission android:name="android.permission.FLASHLIGHT" />
27-->[:flutter_barcode_scanner] AndroidManifest.xml:13:5-69
27-->[:flutter_barcode_scanner] AndroidManifest.xml:13:22-66
28    <uses-permission android:name="android.permission.READ_PRIVILEGED_PHONE_STATE" />
28-->[:flutter_device_identifier] AndroidManifest.xml:9:5-86
28-->[:flutter_device_identifier] AndroidManifest.xml:9:22-83
29    <uses-permission android:name="android.permission.FOREGROUND_SERVICE" /> <!-- Required by older versions of Google Play services to create IID tokens -->
29-->[:background_location] AndroidManifest.xml:11:5-77
29-->[:background_location] AndroidManifest.xml:11:22-74
30    <uses-permission android:name="com.google.android.c2dm.permission.RECEIVE" />
30-->[com.google.firebase:firebase-messaging:23.1.1] AndroidManifest.xml:28:5-82
30-->[com.google.firebase:firebase-messaging:23.1.1] AndroidManifest.xml:28:22-79
31
32    <permission
32-->[androidx.core:core:1.9.0] AndroidManifest.xml:22:5-24:47
33        android:name="com.jccsgruposolmar.appsol.DYNAMIC_RECEIVER_NOT_EXPORTED_PERMISSION"
33-->[androidx.core:core:1.9.0] AndroidManifest.xml:23:9-81
34        android:protectionLevel="signature" />
34-->[androidx.core:core:1.9.0] AndroidManifest.xml:24:9-44
35
36    <uses-permission android:name="com.jccsgruposolmar.appsol.DYNAMIC_RECEIVER_NOT_EXPORTED_PERMISSION" />
36-->[androidx.core:core:1.9.0] AndroidManifest.xml:26:5-97
36-->[androidx.core:core:1.9.0] AndroidManifest.xml:26:22-94
37
38    <application
39        android:name="android.app.Application"
40        android:appComponentFactory="androidx.core.app.CoreComponentFactory"
40-->[androidx.core:core:1.9.0] AndroidManifest.xml:28:18-86
41        android:debuggable="true"
42        android:icon="@mipmap/launcher_icon"
43        android:label="Solgis"
44        android:largeHeap="true"
44-->[:flutter_barcode_scanner] AndroidManifest.xml:16:9-33
45        android:requestLegacyExternalStorage="true"
46        android:theme="@style/Theme.AppCompat.NoActionBar" >
46-->[:flutter_barcode_scanner] AndroidManifest.xml:17:9-59
47        <activity
48            android:name="com.jccsgruposolmar.appsol.MainActivity"
49            android:configChanges="orientation|keyboardHidden|keyboard|screenSize|smallestScreenSize|locale|layoutDirection|fontScale|screenLayout|density|uiMode"
50            android:exported="true"
51            android:hardwareAccelerated="true"
52            android:launchMode="singleTop"
53            android:theme="@style/LaunchTheme"
54            android:windowSoftInputMode="adjustResize" >
55
56            <!--
57                 Specifies an Android theme to apply to this Activity as soon as
58                the Android process has started. This theme is visible to the user
59                while the Flutter UI initializes. After that, this theme continues
60                to determine the Window background behind the Flutter UI.
61            -->
62            <meta-data
63                android:name="io.flutter.embedding.android.NormalTheme"
64                android:resource="@style/NormalTheme" />
65
66            <intent-filter>
67                <action android:name="android.intent.action.MAIN" />
68
69                <category android:name="android.intent.category.LAUNCHER" />
70            </intent-filter>
71        </activity>
72        <!--
73             Don't delete the meta-data below.
74            This is used by the Flutter tool to generate GeneratedPluginRegistrant.java
75        -->
76        <meta-data
77            android:name="flutterEmbedding"
78            android:value="2" />
79
80        <service
80-->[:firebase_messaging] AndroidManifest.xml:16:9-19:72
81            android:name="io.flutter.plugins.firebase.messaging.FlutterFirebaseMessagingBackgroundService"
81-->[:firebase_messaging] AndroidManifest.xml:17:13-107
82            android:exported="false"
82-->[:firebase_messaging] AndroidManifest.xml:18:13-37
83            android:permission="android.permission.BIND_JOB_SERVICE" />
83-->[:firebase_messaging] AndroidManifest.xml:19:13-69
84        <service
84-->[:firebase_messaging] AndroidManifest.xml:20:9-26:19
85            android:name="io.flutter.plugins.firebase.messaging.FlutterFirebaseMessagingService"
85-->[:firebase_messaging] AndroidManifest.xml:21:13-97
86            android:exported="false" >
86-->[:firebase_messaging] AndroidManifest.xml:22:13-37
87            <intent-filter>
87-->[:firebase_messaging] AndroidManifest.xml:23:13-25:29
88                <action android:name="com.google.firebase.MESSAGING_EVENT" />
88-->[:firebase_messaging] AndroidManifest.xml:24:17-78
88-->[:firebase_messaging] AndroidManifest.xml:24:25-75
89            </intent-filter>
90        </service>
91
92        <receiver
92-->[:firebase_messaging] AndroidManifest.xml:28:9-35:20
93            android:name="io.flutter.plugins.firebase.messaging.FlutterFirebaseMessagingReceiver"
93-->[:firebase_messaging] AndroidManifest.xml:29:13-98
94            android:exported="true"
94-->[:firebase_messaging] AndroidManifest.xml:30:13-36
95            android:permission="com.google.android.c2dm.permission.SEND" >
95-->[:firebase_messaging] AndroidManifest.xml:31:13-73
96            <intent-filter>
96-->[:firebase_messaging] AndroidManifest.xml:32:13-34:29
97                <action android:name="com.google.android.c2dm.intent.RECEIVE" />
97-->[:firebase_messaging] AndroidManifest.xml:33:17-81
97-->[:firebase_messaging] AndroidManifest.xml:33:25-78
98            </intent-filter>
99        </receiver>
100
101        <service
101-->[:firebase_messaging] AndroidManifest.xml:37:9-41:19
102            android:name="com.google.firebase.components.ComponentDiscoveryService"
102-->[:firebase_messaging] AndroidManifest.xml:37:18-89
103            android:directBootAware="true"
103-->[com.google.firebase:firebase-common:20.3.0] AndroidManifest.xml:34:13-43
104            android:exported="false" >
104-->[com.google.firebase:firebase-auth:21.1.0] AndroidManifest.xml:66:13-37
105            <meta-data
105-->[:firebase_messaging] AndroidManifest.xml:38:13-40:85
106                android:name="com.google.firebase.components:io.flutter.plugins.firebase.messaging.FlutterFirebaseAppRegistrar"
106-->[:firebase_messaging] AndroidManifest.xml:39:17-128
107                android:value="com.google.firebase.components.ComponentRegistrar" />
107-->[:firebase_messaging] AndroidManifest.xml:40:17-82
108            <meta-data
108-->[:firebase_core] AndroidManifest.xml:11:13-13:85
109                android:name="com.google.firebase.components:io.flutter.plugins.firebase.core.FlutterFirebaseCoreRegistrar"
109-->[:firebase_core] AndroidManifest.xml:12:17-124
110                android:value="com.google.firebase.components.ComponentRegistrar" />
110-->[:firebase_core] AndroidManifest.xml:13:17-82
111            <meta-data
111-->[com.google.firebase:firebase-auth:21.1.0] AndroidManifest.xml:67:13-69:85
112                android:name="com.google.firebase.components:com.google.firebase.auth.FirebaseAuthRegistrar"
112-->[com.google.firebase:firebase-auth:21.1.0] AndroidManifest.xml:68:17-109
113                android:value="com.google.firebase.components.ComponentRegistrar" />
113-->[com.google.firebase:firebase-auth:21.1.0] AndroidManifest.xml:69:17-82
114            <meta-data
114-->[com.google.firebase:firebase-messaging:23.1.1] AndroidManifest.xml:55:13-57:85
115                android:name="com.google.firebase.components:com.google.firebase.messaging.FirebaseMessagingRegistrar"
115-->[com.google.firebase:firebase-messaging:23.1.1] AndroidManifest.xml:56:17-119
116                android:value="com.google.firebase.components.ComponentRegistrar" />
116-->[com.google.firebase:firebase-messaging:23.1.1] AndroidManifest.xml:57:17-82
117            <meta-data
117-->[com.google.firebase:firebase-datatransport:18.1.7] AndroidManifest.xml:27:13-29:85
118                android:name="com.google.firebase.components:com.google.firebase.datatransport.TransportRegistrar"
118-->[com.google.firebase:firebase-datatransport:18.1.7] AndroidManifest.xml:28:17-115
119                android:value="com.google.firebase.components.ComponentRegistrar" />
119-->[com.google.firebase:firebase-datatransport:18.1.7] AndroidManifest.xml:29:17-82
120            <meta-data
120-->[com.google.firebase:firebase-iid:21.1.0] AndroidManifest.xml:32:13-34:85
121                android:name="com.google.firebase.components:com.google.firebase.iid.Registrar"
121-->[com.google.firebase:firebase-iid:21.1.0] AndroidManifest.xml:33:17-96
122                android:value="com.google.firebase.components.ComponentRegistrar" />
122-->[com.google.firebase:firebase-iid:21.1.0] AndroidManifest.xml:34:17-82
123            <meta-data
123-->[com.google.firebase:firebase-installations:17.1.0] AndroidManifest.xml:17:13-19:85
124                android:name="com.google.firebase.components:com.google.firebase.installations.FirebaseInstallationsRegistrar"
124-->[com.google.firebase:firebase-installations:17.1.0] AndroidManifest.xml:18:17-127
125                android:value="com.google.firebase.components.ComponentRegistrar" />
125-->[com.google.firebase:firebase-installations:17.1.0] AndroidManifest.xml:19:17-82
126        </service>
127
128        <provider
128-->[:firebase_messaging] AndroidManifest.xml:43:9-47:38
129            android:name="io.flutter.plugins.firebase.messaging.FlutterFirebaseMessagingInitProvider"
129-->[:firebase_messaging] AndroidManifest.xml:44:13-102
130            android:authorities="com.jccsgruposolmar.appsol.flutterfirebasemessaginginitprovider"
130-->[:firebase_messaging] AndroidManifest.xml:45:13-88
131            android:exported="false"
131-->[:firebase_messaging] AndroidManifest.xml:46:13-37
132            android:initOrder="99" />
132-->[:firebase_messaging] AndroidManifest.xml:47:13-35
133
134        <service
134-->[:geolocator_android] AndroidManifest.xml:10:9-14:56
135            android:name="com.baseflow.geolocator.GeolocatorLocationService"
135-->[:geolocator_android] AndroidManifest.xml:11:13-77
136            android:enabled="true"
136-->[:geolocator_android] AndroidManifest.xml:12:13-35
137            android:exported="false"
137-->[:geolocator_android] AndroidManifest.xml:13:13-37
138            android:foregroundServiceType="location" />
138-->[:geolocator_android] AndroidManifest.xml:14:13-53
139
140        <activity android:name="com.amolg.flutterbarcodescanner.BarcodeCaptureActivity" />
140-->[:flutter_barcode_scanner] AndroidManifest.xml:18:9-91
140-->[:flutter_barcode_scanner] AndroidManifest.xml:18:19-88
141
142        <provider
142-->[:image_picker_android] AndroidManifest.xml:10:9-18:20
143            android:name="io.flutter.plugins.imagepicker.ImagePickerFileProvider"
143-->[:image_picker_android] AndroidManifest.xml:11:13-82
144            android:authorities="com.jccsgruposolmar.appsol.flutter.image_provider"
144-->[:image_picker_android] AndroidManifest.xml:12:13-74
145            android:exported="false"
145-->[:image_picker_android] AndroidManifest.xml:13:13-37
146            android:grantUriPermissions="true" >
146-->[:image_picker_android] AndroidManifest.xml:14:13-47
147            <meta-data
147-->[:image_picker_android] AndroidManifest.xml:15:13-17:75
148                android:name="android.support.FILE_PROVIDER_PATHS"
148-->[:image_picker_android] AndroidManifest.xml:16:17-67
149                android:resource="@xml/flutter_image_picker_file_paths" />
149-->[:image_picker_android] AndroidManifest.xml:17:17-72
150        </provider>
151
152        <service
152-->[:background_location] AndroidManifest.xml:14:9-19:37
153            android:name="com.almoullim.background_location.LocationUpdatesService"
153-->[:background_location] AndroidManifest.xml:15:13-84
154            android:enabled="true"
154-->[:background_location] AndroidManifest.xml:16:13-35
155            android:exported="false"
155-->[:background_location] AndroidManifest.xml:17:13-37
156            android:foregroundServiceType="location"
156-->[:background_location] AndroidManifest.xml:18:13-53
157            android:permission="" />
157-->[:background_location] AndroidManifest.xml:19:13-34
158
159        <uses-library
159-->[androidx.window:window:1.0.0-beta04] AndroidManifest.xml:25:9-27:40
160            android:name="androidx.window.extensions"
160-->[androidx.window:window:1.0.0-beta04] AndroidManifest.xml:26:13-54
161            android:required="false" />
161-->[androidx.window:window:1.0.0-beta04] AndroidManifest.xml:27:13-37
162        <uses-library
162-->[androidx.window:window:1.0.0-beta04] AndroidManifest.xml:28:9-30:40
163            android:name="androidx.window.sidecar"
163-->[androidx.window:window:1.0.0-beta04] AndroidManifest.xml:29:13-51
164            android:required="false" />
164-->[androidx.window:window:1.0.0-beta04] AndroidManifest.xml:30:13-37
165
166        <activity
166-->[com.google.firebase:firebase-auth:21.1.0] AndroidManifest.xml:27:9-44:20
167            android:name="com.google.firebase.auth.internal.GenericIdpActivity"
167-->[com.google.firebase:firebase-auth:21.1.0] AndroidManifest.xml:28:13-80
168            android:excludeFromRecents="true"
168-->[com.google.firebase:firebase-auth:21.1.0] AndroidManifest.xml:29:13-46
169            android:exported="true"
169-->[com.google.firebase:firebase-auth:21.1.0] AndroidManifest.xml:30:13-36
170            android:launchMode="singleTask"
170-->[com.google.firebase:firebase-auth:21.1.0] AndroidManifest.xml:31:13-44
171            android:theme="@android:style/Theme.Translucent.NoTitleBar" >
171-->[com.google.firebase:firebase-auth:21.1.0] AndroidManifest.xml:32:13-72
172            <intent-filter>
172-->[com.google.firebase:firebase-auth:21.1.0] AndroidManifest.xml:33:13-43:29
173                <action android:name="android.intent.action.VIEW" />
173-->[com.google.firebase:firebase-auth:21.1.0] AndroidManifest.xml:34:17-69
173-->[com.google.firebase:firebase-auth:21.1.0] AndroidManifest.xml:34:25-66
174
175                <category android:name="android.intent.category.DEFAULT" />
175-->[com.google.firebase:firebase-auth:21.1.0] AndroidManifest.xml:36:17-76
175-->[com.google.firebase:firebase-auth:21.1.0] AndroidManifest.xml:36:27-73
176                <category android:name="android.intent.category.BROWSABLE" />
176-->[com.google.firebase:firebase-auth:21.1.0] AndroidManifest.xml:37:17-78
176-->[com.google.firebase:firebase-auth:21.1.0] AndroidManifest.xml:37:27-75
177
178                <data
178-->[com.google.firebase:firebase-auth:21.1.0] AndroidManifest.xml:39:17-42:51
179                    android:host="firebase.auth"
179-->[com.google.firebase:firebase-auth:21.1.0] AndroidManifest.xml:40:21-49
180                    android:path="/"
180-->[com.google.firebase:firebase-auth:21.1.0] AndroidManifest.xml:41:21-37
181                    android:scheme="genericidp" />
181-->[com.google.firebase:firebase-auth:21.1.0] AndroidManifest.xml:42:21-48
182            </intent-filter>
183        </activity>
184        <activity
184-->[com.google.firebase:firebase-auth:21.1.0] AndroidManifest.xml:45:9-62:20
185            android:name="com.google.firebase.auth.internal.RecaptchaActivity"
185-->[com.google.firebase:firebase-auth:21.1.0] AndroidManifest.xml:46:13-79
186            android:excludeFromRecents="true"
186-->[com.google.firebase:firebase-auth:21.1.0] AndroidManifest.xml:47:13-46
187            android:exported="true"
187-->[com.google.firebase:firebase-auth:21.1.0] AndroidManifest.xml:48:13-36
188            android:launchMode="singleTask"
188-->[com.google.firebase:firebase-auth:21.1.0] AndroidManifest.xml:49:13-44
189            android:theme="@android:style/Theme.Translucent.NoTitleBar" >
189-->[com.google.firebase:firebase-auth:21.1.0] AndroidManifest.xml:50:13-72
190            <intent-filter>
190-->[com.google.firebase:firebase-auth:21.1.0] AndroidManifest.xml:51:13-61:29
191                <action android:name="android.intent.action.VIEW" />
191-->[com.google.firebase:firebase-auth:21.1.0] AndroidManifest.xml:34:17-69
191-->[com.google.firebase:firebase-auth:21.1.0] AndroidManifest.xml:34:25-66
192
193                <category android:name="android.intent.category.DEFAULT" />
193-->[com.google.firebase:firebase-auth:21.1.0] AndroidManifest.xml:36:17-76
193-->[com.google.firebase:firebase-auth:21.1.0] AndroidManifest.xml:36:27-73
194                <category android:name="android.intent.category.BROWSABLE" />
194-->[com.google.firebase:firebase-auth:21.1.0] AndroidManifest.xml:37:17-78
194-->[com.google.firebase:firebase-auth:21.1.0] AndroidManifest.xml:37:27-75
195
196                <data
196-->[com.google.firebase:firebase-auth:21.1.0] AndroidManifest.xml:39:17-42:51
197                    android:host="firebase.auth"
197-->[com.google.firebase:firebase-auth:21.1.0] AndroidManifest.xml:40:21-49
198                    android:path="/"
198-->[com.google.firebase:firebase-auth:21.1.0] AndroidManifest.xml:41:21-37
199                    android:scheme="recaptcha" />
199-->[com.google.firebase:firebase-auth:21.1.0] AndroidManifest.xml:42:21-48
200            </intent-filter>
201        </activity>
202
203        <receiver
203-->[com.google.firebase:firebase-messaging:23.1.1] AndroidManifest.xml:31:9-38:20
204            android:name="com.google.firebase.iid.FirebaseInstanceIdReceiver"
204-->[com.google.firebase:firebase-messaging:23.1.1] AndroidManifest.xml:32:13-78
205            android:exported="true"
205-->[com.google.firebase:firebase-messaging:23.1.1] AndroidManifest.xml:33:13-36
206            android:permission="com.google.android.c2dm.permission.SEND" >
206-->[com.google.firebase:firebase-messaging:23.1.1] AndroidManifest.xml:34:13-73
207            <intent-filter>
207-->[:firebase_messaging] AndroidManifest.xml:32:13-34:29
208                <action android:name="com.google.android.c2dm.intent.RECEIVE" />
208-->[:firebase_messaging] AndroidManifest.xml:33:17-81
208-->[:firebase_messaging] AndroidManifest.xml:33:25-78
209            </intent-filter>
210        </receiver>
211        <!--
212             FirebaseMessagingService performs security checks at runtime,
213             but set to not exported to explicitly avoid allowing another app to call it.
214        -->
215        <service
215-->[com.google.firebase:firebase-messaging:23.1.1] AndroidManifest.xml:44:9-51:19
216            android:name="com.google.firebase.messaging.FirebaseMessagingService"
216-->[com.google.firebase:firebase-messaging:23.1.1] AndroidManifest.xml:45:13-82
217            android:directBootAware="true"
217-->[com.google.firebase:firebase-messaging:23.1.1] AndroidManifest.xml:46:13-43
218            android:exported="false" >
218-->[com.google.firebase:firebase-messaging:23.1.1] AndroidManifest.xml:47:13-37
219            <intent-filter android:priority="-500" >
219-->[:firebase_messaging] AndroidManifest.xml:23:13-25:29
220                <action android:name="com.google.firebase.MESSAGING_EVENT" />
220-->[:firebase_messaging] AndroidManifest.xml:24:17-78
220-->[:firebase_messaging] AndroidManifest.xml:24:25-75
221            </intent-filter>
222        </service>
223        <service
223-->[com.google.android.datatransport:transport-backend-cct:3.1.8] AndroidManifest.xml:28:9-34:19
224            android:name="com.google.android.datatransport.runtime.backends.TransportBackendDiscovery"
224-->[com.google.android.datatransport:transport-backend-cct:3.1.8] AndroidManifest.xml:29:13-103
225            android:exported="false" >
225-->[com.google.android.datatransport:transport-backend-cct:3.1.8] AndroidManifest.xml:30:13-37
226            <meta-data
226-->[com.google.android.datatransport:transport-backend-cct:3.1.8] AndroidManifest.xml:31:13-33:39
227                android:name="backend:com.google.android.datatransport.cct.CctBackendFactory"
227-->[com.google.android.datatransport:transport-backend-cct:3.1.8] AndroidManifest.xml:32:17-94
228                android:value="cct" />
228-->[com.google.android.datatransport:transport-backend-cct:3.1.8] AndroidManifest.xml:33:17-36
229        </service>
230        <service
230-->[com.google.android.datatransport:transport-runtime:3.1.8] AndroidManifest.xml:26:9-30:19
231            android:name="com.google.android.datatransport.runtime.scheduling.jobscheduling.JobInfoSchedulerService"
231-->[com.google.android.datatransport:transport-runtime:3.1.8] AndroidManifest.xml:27:13-117
232            android:exported="false"
232-->[com.google.android.datatransport:transport-runtime:3.1.8] AndroidManifest.xml:28:13-37
233            android:permission="android.permission.BIND_JOB_SERVICE" >
233-->[com.google.android.datatransport:transport-runtime:3.1.8] AndroidManifest.xml:29:13-69
234        </service>
235
236        <receiver
236-->[com.google.android.datatransport:transport-runtime:3.1.8] AndroidManifest.xml:32:9-34:40
237            android:name="com.google.android.datatransport.runtime.scheduling.jobscheduling.AlarmManagerSchedulerBroadcastReceiver"
237-->[com.google.android.datatransport:transport-runtime:3.1.8] AndroidManifest.xml:33:13-132
238            android:exported="false" />
238-->[com.google.android.datatransport:transport-runtime:3.1.8] AndroidManifest.xml:34:13-37
239
240        <provider
240-->[com.google.firebase:firebase-common:20.3.0] AndroidManifest.xml:25:9-30:39
241            android:name="com.google.firebase.provider.FirebaseInitProvider"
241-->[com.google.firebase:firebase-common:20.3.0] AndroidManifest.xml:26:13-77
242            android:authorities="com.jccsgruposolmar.appsol.firebaseinitprovider"
242-->[com.google.firebase:firebase-common:20.3.0] AndroidManifest.xml:27:13-72
243            android:directBootAware="true"
243-->[com.google.firebase:firebase-common:20.3.0] AndroidManifest.xml:28:13-43
244            android:exported="false"
244-->[com.google.firebase:firebase-common:20.3.0] AndroidManifest.xml:29:13-37
245            android:initOrder="100" />
245-->[com.google.firebase:firebase-common:20.3.0] AndroidManifest.xml:30:13-36
246
247        <activity
247-->[com.google.android.gms:play-services-base:18.1.0] AndroidManifest.xml:20:9-22:45
248            android:name="com.google.android.gms.common.api.GoogleApiActivity"
248-->[com.google.android.gms:play-services-base:18.1.0] AndroidManifest.xml:20:19-85
249            android:exported="false"
249-->[com.google.android.gms:play-services-base:18.1.0] AndroidManifest.xml:22:19-43
250            android:theme="@android:style/Theme.Translucent.NoTitleBar" />
250-->[com.google.android.gms:play-services-base:18.1.0] AndroidManifest.xml:21:19-78
251
252        <meta-data
252-->[com.google.android.gms:play-services-basement:18.1.0] AndroidManifest.xml:21:9-23:69
253            android:name="com.google.android.gms.version"
253-->[com.google.android.gms:play-services-basement:18.1.0] AndroidManifest.xml:22:13-58
254            android:value="@integer/google_play_services_version" />
254-->[com.google.android.gms:play-services-basement:18.1.0] AndroidManifest.xml:23:13-66
255    </application>
256
257</manifest>